<?xml version="1.0" encoding="UTF-8"?>
<coverage generated="1739207898371" clover="3.2.0">
  <project timestamp="1739207898371" name="All files">
    <metrics statements="20" coveredstatements="20" conditionals="8" coveredconditionals="8" methods="5" coveredmethods="5" elements="33" coveredelements="33" complexity="0" loc="20" ncloc="20" packages="1" files="1" classes="1"/>
    <file name="index.ts" path="/Users/prazwolgupta/Music/github/api/frontend/src/index.ts">
      <metrics statements="20" coveredstatements="20" conditionals="8" coveredconditionals="8" methods="5" coveredmethods="5"/>
      <line num="1" count="1" type="stmt"/>
      <line num="4" count="1" type="stmt"/>
      <line num="6" count="1" type="stmt"/>
      <line num="11" count="8" type="cond" truecount="2" falsecount="0"/>
      <line num="12" count="8" type="stmt"/>
      <line num="22" count="2" type="stmt"/>
      <line num="24" count="2" type="cond" truecount="1" falsecount="0"/>
      <line num="25" count="1" type="stmt"/>
      <line num="26" count="3" type="cond" truecount="1" falsecount="0"/>
      <line num="27" count="3" type="stmt"/>
      <line num="32" count="2" type="stmt"/>
      <line num="33" count="1" type="stmt"/>
      <line num="40" count="1" type="stmt"/>
      <line num="41" count="1" type="stmt"/>
      <line num="48" count="2" type="stmt"/>
      <line num="49" count="2" type="stmt"/>
      <line num="51" count="2" type="cond" truecount="1" falsecount="0"/>
      <line num="52" count="1" type="stmt"/>
      <line num="55" count="2" type="stmt"/>
      <line num="56" count="2" type="stmt"/>
    </file>
  </project>
</coverage>
