{"/Users/prazwolgupta/Music/github/api/frontend/src/index.ts": {"path":"/Users/prazwolgupta/Music/github/api/frontend/src/index.ts","statementMap":{"0":{"start":{"line":1,"column":0},"end":{"line":1,"column":45}},"1":{"start":{"line":4,"column":0},"end":{"line":4,"column":24}},"2":{"start":{"line":11,"column":4},"end":{"line":11,"column":89}},"3":{"start":{"line":12,"column":4},"end":{"line":15,"column":7}},"4":{"start":{"line":22,"column":19},"end":{"line":22,"column":40}},"5":{"start":{"line":24,"column":4},"end":{"line":30,"column":5}},"6":{"start":{"line":25,"column":6},"end":{"line":29,"column":9}},"7":{"start":{"line":26,"column":8},"end":{"line":28,"column":9}},"8":{"start":{"line":27,"column":10},"end":{"line":27,"column":47}},"9":{"start":{"line":32,"column":21},"end":{"line":32,"column":85}},"10":{"start":{"line":33,"column":4},"end":{"line":33,"column":25}},"11":{"start":{"line":40,"column":21},"end":{"line":40,"column":88}},"12":{"start":{"line":41,"column":4},"end":{"line":41,"column":25}},"13":{"start":{"line":48,"column":19},"end":{"line":48,"column":40}},"14":{"start":{"line":49,"column":4},"end":{"line":49,"column":38}},"15":{"start":{"line":51,"column":4},"end":{"line":53,"column":5}},"16":{"start":{"line":52,"column":6},"end":{"line":52,"column":55}},"17":{"start":{"line":55,"column":21},"end":{"line":55,"column":79}},"18":{"start":{"line":56,"column":4},"end":{"line":56,"column":25}},"19":{"start":{"line":6,"column":0},"end":{"line":6,"column":13}}},"fnMap":{"0":{"name":"(anonymous_5)","decl":{"start":{"line":10,"column":2},"end":{"line":10,"column":14}},"loc":{"start":{"line":10,"column":46},"end":{"line":16,"column":3}}},"1":{"name":"(anonymous_6)","decl":{"start":{"line":21,"column":2},"end":{"line":21,"column":7}},"loc":{"start":{"line":21,"column":51},"end":{"line":34,"column":3}}},"2":{"name":"(anonymous_7)","decl":{"start":{"line":25,"column":38},"end":{"line":25,"column":39}},"loc":{"start":{"line":25,"column":55},"end":{"line":29,"column":7}}},"3":{"name":"(anonymous_8)","decl":{"start":{"line":39,"column":2},"end":{"line":39,"column":7}},"loc":{"start":{"line":39,"column":52},"end":{"line":42,"column":3}}},"4":{"name":"(anonymous_9)","decl":{"start":{"line":47,"column":2},"end":{"line":47,"column":7}},"loc":{"start":{"line":47,"column":49},"end":{"line":57,"column":3}}}},"branchMap":{"0":{"loc":{"start":{"line":10,"column":14},"end":{"line":10,"column":46}},"type":"default-arg","locations":[{"start":{"line":10,"column":44},"end":{"line":10,"column":46}}]},"1":{"loc":{"start":{"line":11,"column":19},"end":{"line":11,"column":88}},"type":"binary-expr","locations":[{"start":{"line":11,"column":19},"end":{"line":11,"column":33}},{"start":{"line":11,"column":37},"end":{"line":11,"column":88}}]},"2":{"loc":{"start":{"line":14,"column":15},"end":{"line":14,"column":38}},"type":"binary-expr","locations":[{"start":{"line":14,"column":15},"end":{"line":14,"column":29}},{"start":{"line":14,"column":33},"end":{"line":14,"column":38}}]},"3":{"loc":{"start":{"line":24,"column":4},"end":{"line":30,"column":5}},"type":"if","locations":[{"start":{"line":24,"column":4},"end":{"line":30,"column":5}}]},"4":{"loc":{"start":{"line":26,"column":8},"end":{"line":28,"column":9}},"type":"if","locations":[{"start":{"line":26,"column":8},"end":{"line":28,"column":9}}]},"5":{"loc":{"start":{"line":51,"column":4},"end":{"line":53,"column":5}},"type":"if","locations":[{"start":{"line":51,"column":4},"end":{"line":53,"column":5}}]}},"s":{"0":1,"1":1,"2":8,"3":8,"4":2,"5":2,"6":1,"7":3,"8":3,"9":2,"10":1,"11":1,"12":1,"13":2,"14":2,"15":2,"16":1,"17":2,"18":2,"19":1},"f":{"0":8,"1":2,"2":3,"3":1,"4":2},"b":{"0":[7],"1":[8,7],"2":[8,7],"3":[1],"4":[3],"5":[1]}}
}
