TN:
SF:src/index.ts
FN:10,(anonymous_5)
FN:21,(anonymous_6)
FN:25,(anonymous_7)
FN:39,(anonymous_8)
FN:47,(anonymous_9)
FNF:5
FNH:5
FNDA:8,(anonymous_5)
FNDA:2,(anonymous_6)
FNDA:3,(anonymous_7)
FNDA:1,(anonymous_8)
FNDA:2,(anonymous_9)
DA:1,1
DA:4,1
DA:6,1
DA:11,8
DA:12,8
DA:22,2
DA:24,2
DA:25,1
DA:26,3
DA:27,3
DA:32,2
DA:33,1
DA:40,1
DA:41,1
DA:48,2
DA:49,2
DA:51,2
DA:52,1
DA:55,2
DA:56,2
LF:20
LH:20
BRDA:10,0,0,7
BRDA:11,1,0,8
BRDA:11,1,1,7
BRDA:14,2,0,8
BRDA:14,2,1,7
BRDA:24,3,0,1
BRDA:26,4,0,3
BRDA:51,5,0,1
BRF:8
BRH:8
end_of_record
